<?xml version="1.0" encoding="UTF-8"?>
<!-- Generated by org.testng.reporters.JUnitReportReporter -->
<testsuite hostname="DESKTOP-IGQ33BF" failures="0" tests="1" name="testcases.TC_Login_Page_01Test" time="0.030" errors="0" timestamp="06 Dec 2022 12:00:14 GMT" skipped="0">
  <testcase classname="testcases.TC_Login_Page_01Test" name="f" time="0.030"/>
</testsuite> <!-- testcases.TC_Login_Page_01Test -->
