<?xml version="1.0" encoding="UTF-8"?>
<!-- Generated by org.testng.reporters.JUnitReportReporter -->
<testsuite hostname="DESKTOP-IGQ33BF" failures="0" tests="1" name="testcases.TC_LoginPage_01" time="1.661" errors="0" timestamp="27 Feb 2023 11:10:42 GMT" skipped="0">
  <testcase classname="testcases.TC_LoginPage_01" name="loginPage" time="1.661"/>
</testsuite> <!-- testcases.TC_LoginPage_01 -->
